[RamSleuth:DEBUG] Attempted to load module 'i2c-dev'.
[RamSleuth:DEBUG] Attempted to load module 'ee1004'.
[RamSleuth:DEBUG] Attempted to load module 'at24'.
[RamSleuth:DEBUG] Attempted to load module 'i2c-amd-mp2-pci'.
[RamSleuth:DEBUG] Attempted to load module 'i2c-amd-mp2'.
[RamSleuth:DEBUG] main: using test data from /home/madgoat/Documents/RamSleuth/test_data.txt
[RamSleuth:DEBUG] parse_output: parsed 2 DIMM(s) from plain decode-dimms output.
[RamSleuth:DEBUG] Raw parsed DIMMs (6):
[RamSleuth:DEBUG] Raw DIMM 0: {'generation': 'DDR3 SDRAM', 'manufacturer': 'Corsair', 'module_part_number': 'CMZ8GX3M2A1600C9', 'dram_mfg': 'SK Hynix', 'module_gb': '8192 MB', 'module_ranks': '1R', 'SDRAM Device Width': '8 bits', 'JEDEC_voltage': '1.50 V', 'Guessing DIMM is in': 'DIMM_A1', 'slot': 'DIMM_A1', 'JEDEC Timings': 'DDR3-1333 9-9-9', 'Additional JEDEC Timings malformed': 'malformed_d0', 'Malformed Line With Too Many Columns': 'a'}
[RamSleuth:DEBUG] Raw DIMM 1: {'generation': 'DDR4 SDRAM', 'manufacturer': 'G.Skill', 'module_part_number': 'F4-3600C16D-16GTZ', 'dram_mfg': 'Samsung', 'module_gb': '8192 MB', 'module_ranks': '1R', 'SDRAM Device Width': '8 bits', 'JEDEC_voltage': '1.20 V', 'Guessing DIMM is in': 'DIMM_B1', 'slot': 'DIMM_B1', 'JEDEC Timings': 'DDR4-2133 15-15-15', 'Additional JEDEC Timings malformed': 'malformed_d1', 'Malformed Line With Too Many Columns': 'b'}
[RamSleuth:DEBUG] Raw DIMM 2: {'generation': 'DDR5 SDRAM', 'manufacturer': 'Crucial', 'module_part_number': 'BL2K16G36C16U4B', 'dram_mfg': 'Micron', 'module_gb': '16384 MB', 'module_ranks': '2R', 'SDRAM Device Width': '8 bits', 'JEDEC_voltage': '1.35 V', 'Guessing DIMM is in': 'DIMM_A2', 'slot': 'DIMM_A2', 'JEDEC Timings': 'DDR4-2133 15-15-15', 'Additional JEDEC Timings malformed': 'malformed_d2', 'Malformed Line With Too Many Columns': 'c'}
[RamSleuth:DEBUG] Raw DIMM 3: {'generation': 'DDR4 SDRAM', 'manufacturer': 'GenericBrand', 'module_part_number': 'DDR5-6000-SKH-PMIC', 'dram_mfg': 'SK Hynix', 'module_gb': '16384 MB', 'module_ranks': '1R', 'SDRAM Device Width': '16 bits', 'JEDEC_voltage': '1.25 V', 'Guessing DIMM is in': 'DIMM_B2', 'slot': 'DIMM_B2', 'JEDEC Timings': 'DDR5-4800 40-40-40', 'Additional JEDEC Timings malformed': 'malformed_d3', 'PMIC Manufacturer': 'Renesas', 'Hynix IC Part Number': 'H5CG48AGBDX018', 'Malformed Line With Too Many Columns': 'd'}
[RamSleuth:DEBUG] Raw DIMM 4: {'Guessing DIMM is in': 'bank 3', 'manufacturer': 'G.Skill', 'module_part_number': 'F4-3600C18-32GVK', 'dram_mfg': 'SK Hynix', 'generation': 'DDR4 SDRAM', 'Module Capacity': '16 GB', 'module_gb': '16 GB', 'Ranks': '1R', 'module_ranks': '1R', 'SDRAM Device Width': '8 bits', 'JEDEC Timings': 'DDR4-2133 15-15-15', 'timings_xmp': '3600-18-22-22', 'slot': 'bank 3', 'Additional JEDEC Timings malformed': '', 'Malformed Line With Too Many Columns': ''}
[RamSleuth:DEBUG] Raw DIMM 5: {'Guessing DIMM is in': 'bank 4', 'manufacturer': 'G.Skill', 'module_part_number': 'F4-3600C18-32GVK', 'dram_mfg': 'SK Hynix', 'generation': 'DDR4 SDRAM', 'Module Capacity': '16 GB', 'module_gb': '16 GB', 'Ranks': '1R', 'module_ranks': '1R', 'SDRAM Device Width': '8 bits', 'JEDEC Timings': 'DDR4-2133 15-15-15', 'timings_xmp': '3600-18-22-22', 'slot': 'bank 4', 'Additional JEDEC Timings malformed': '', 'Malformed Line With Too Many Columns': ''}
[RamSleuth:DEBUG] main: parse_output() produced 6 raw DIMM record(s); 6 remain after de-duplication.
[RamSleuth:DEBUG] DIMM 0: die_type='Unknown', notes='No heuristic match found in database.'
[RamSleuth:DEBUG] DIMM 0 - generation: DDR3
[RamSleuth:DEBUG] DIMM 0 - module_gb: 8
[RamSleuth:DEBUG] DIMM 0 - dram_mfg: SK Hynix
[RamSleuth:DEBUG] DIMM 0 - timings_xmp: None
[RamSleuth:DEBUG] DIMM 0 - module_part_number: CMZ8GX3M2A1600C9
[RamSleuth:DEBUG] DIMM 1: die_type='Samsung 8Gbit B-Die', notes='P500 Heuristic: 3600 16-16-16 'Golden Bin'. [S36, Research S3.1]'
[RamSleuth:DEBUG] DIMM 1 - generation: DDR4
[RamSleuth:DEBUG] DIMM 1 - module_gb: 8
[RamSleuth:DEBUG] DIMM 1 - dram_mfg: Samsung
[RamSleuth:DEBUG] DIMM 1 - timings_xmp: 3600-16
[RamSleuth:DEBUG] DIMM 1 - module_part_number: F4-3600C16D-16GTZ
[RamSleuth:DEBUG] DIMM 2: die_type='Unknown', notes='No heuristic match found in database.'
[RamSleuth:DEBUG] DIMM 2 - generation: DDR5
[RamSleuth:DEBUG] DIMM 2 - module_gb: 16
[RamSleuth:DEBUG] DIMM 2 - dram_mfg: Micron
[RamSleuth:DEBUG] DIMM 2 - timings_xmp: None
[RamSleuth:DEBUG] DIMM 2 - module_part_number: BL2K16G36C16U4B
[RamSleuth:DEBUG] DIMM 3: die_type='Ambiguous', notes='Multiple matching heuristics at same priority: SK Hynix 16Gbit AJR (Heuristic), SK Hynix 16Gbit CJR (Heuristic)'
[RamSleuth:DEBUG] DIMM 3 - generation: DDR4
[RamSleuth:DEBUG] DIMM 3 - module_gb: 16
[RamSleuth:DEBUG] DIMM 3 - dram_mfg: SK Hynix
[RamSleuth:DEBUG] DIMM 3 - timings_xmp: None
[RamSleuth:DEBUG] DIMM 3 - module_part_number: DDR5-6000-SKH-PMIC
[RamSleuth:DEBUG] DIMM 4: die_type='SK Hynix 16Gbit MJR (M-Die)', notes='P500 Heuristic: 32GB 2Rx8 (16Gbit die) w/ loose 18-22-22 timings. Known 'lackluster' die (aka 'potato RAM') with poor tRFC/OC.'
[RamSleuth:DEBUG] DIMM 4 - generation: DDR4
[RamSleuth:DEBUG] DIMM 4 - module_gb: 16
[RamSleuth:DEBUG] DIMM 4 - dram_mfg: SK Hynix
[RamSleuth:DEBUG] DIMM 4 - timings_xmp: 3600-18-22-22
[RamSleuth:DEBUG] DIMM 4 - module_part_number: F4-3600C18-32GVK
[RamSleuth:DEBUG] DIMM 5: die_type='SK Hynix 16Gbit MJR (M-Die)', notes='P500 Heuristic: 32GB 2Rx8 (16Gbit die) w/ loose 18-22-22 timings. Known 'lackluster' die (aka 'potato RAM') with poor tRFC/OC.'
[RamSleuth:DEBUG] DIMM 5 - generation: DDR4
[RamSleuth:DEBUG] DIMM 5 - module_gb: 16
[RamSleuth:DEBUG] DIMM 5 - dram_mfg: SK Hynix
[RamSleuth:DEBUG] DIMM 5 - timings_xmp: 3600-18-22-22
[RamSleuth:DEBUG] DIMM 5 - module_part_number: F4-3600C18-32GVK
> 